Arguments: 
  /home/dilip/.nvm/versions/node/v14.8.0/bin/node /usr/share/yarn/bin/yarn.js init

PATH: 
  /mnt/c/Users/Dilip/AppData/Local/Programs/Microsoft VS Code/bin:/home/dilip/bin:/home/dilip/.vscode-server/bin/e5a624b788d92b8d34d1392e4c4d9789406efe8f/bin:/mnt/c/Users/Dilip/AppData/Local/Programs/Microsoft VS Code/bin:/home/dilip/bin:/home/dilip/.nvm/versions/node/v14.8.0/bin:/usr/local/sbin:/usr/local/bin:/usr/sbin:/usr/bin:/sbin:/bin:/usr/games:/usr/local/games:/mnt/c/Program Files (x86)/Common Files/Oracle/Java/javapath:/mnt/c/Program Files (x86)/Common Files/Intel/Shared Libraries/redist/intel64_win/compiler:/mnt/c/Python38/Scripts/:/mnt/c/Python38/:/mnt/c/Windows/system32:/mnt/c/Windows:/mnt/c/Windows/System32/Wbem:/mnt/c/Windows/System32/WindowsPowerShell/v1.0/:/mnt/c/Windows/System32/OpenSSH/:/mnt/c/Program Files (x86)/NVIDIA Corporation/PhysX/Common:/mnt/c/Program Files/NVIDIA Corporation/NVIDIA NvDLISR:/mnt/c/Program Files/Git/cmd:/mnt/c/Users/Dilip/AppData/Roaming/nvm:/mnt/c/Program Files/nodejs:/mnt/c/ProgramData/chocolatey/bin:/mnt/c/tools/php74:/mnt/c/ProgramData/ComposerSetup/bin:/mnt/c/WINDOWS/system32:/mnt/c/WINDOWS:/mnt/c/WINDOWS/System32/Wbem:/mnt/c/WINDOWS/System32/WindowsPowerShell/v1.0/:/mnt/c/WINDOWS/System32/OpenSSH/:/mnt/c/Program Files/Docker/Docker/resources/bin:/mnt/c/ProgramData/DockerDesktop/version-bin:/mnt/c/tizen-studio/tools/ide/bin:/mnt/c/Users/Dilip/.windows-build-tools/python27/:/mnt/c/Users/Dilip/AppData/Local/Microsoft/WindowsApps:/mnt/c/Users/Dilip/AppData/Local/Programs/Microsoft VS Code/bin:/mnt/c/Users/Dilip/AppData/Roaming/Composer/vendor/bin:/mnt/c/Users/Dilip/AppData/Local/Microsoft/WindowsApps:/mnt/c/flutter/bin:/mnt/c/Program Files/JetBrains/IntelliJ IDEA 2020.2.2/bin:/mnt/c/Users/Dilip/AppData/Local/Android/Sdk/platform-tools

Yarn version: 
  1.22.4

Node version: 
  14.8.0

Platform: 
  linux x64

Trace: 
  Error: canceled
      at Interface.<anonymous> (/usr/share/yarn/lib/cli.js:137008:13)
      at Interface.emit (events.js:314:20)
      at Interface._ttyWrite (readline.js:875:16)
      at ReadStream.onkeypress (readline.js:213:10)
      at ReadStream.emit (events.js:314:20)
      at emitKeys (internal/readline/utils.js:335:14)
      at emitKeys.next (<anonymous>)
      at ReadStream.onData (readline.js:1144:36)
      at ReadStream.emit (events.js:314:20)
      at addChunk (_stream_readable.js:303:12)

npm manifest: 
  No manifest

yarn manifest: 
  No manifest

Lockfile: 
  No lockfile
